0 info it worked if it ends with ok
1 verbose cli [ '/home/akira/.nvm/versions/node/v5.5.0/bin/node',
1 verbose cli   '/home/akira/.nvm/versions/node/v5.5.0/bin/npm',
1 verbose cli   'run',
1 verbose cli   'test' ]
2 info using npm@3.3.12
3 info using node@v5.5.0
4 verbose run-script [ 'pretest', 'test', 'posttest' ]
5 info lifecycle server@1.0.0~pretest: server@1.0.0
6 silly lifecycle server@1.0.0~pretest: no script for pretest, continuing
7 info lifecycle server@1.0.0~test: server@1.0.0
8 verbose lifecycle server@1.0.0~test: unsafe-perm in lifecycle true
9 verbose lifecycle server@1.0.0~test: PATH: /home/akira/.nvm/versions/node/v5.5.0/lib/node_modules/npm/bin/node-gyp-bin:/home/akira/Documents/Projects/VotingApp/server/node_modules/.bin:/home/akira/.nvm/versions/node/v5.5.0/bin:/home/akira/.linuxbrew/bin:/home/akira/bin:/home/akira/.linuxbrew/bin:/opt/android-studio/bin:/usr/local/sbin:/usr/local/bin:/usr/sbin:/usr/bin:/sbin:/bin:/usr/games:/usr/local/games:/home/akira/Downloads/mongodb/mongodb-linux-x86_64-3.0.4/bin/:/usr/lib/jvm/java-8-oracle/bin:/usr/lib/jvm/java-8-oracle/db/bin:/usr/lib/jvm/java-8-oracle/jre/bin:/home/akira/Android/Sdk/tools:/home/akira/Android/Sdk/platform-tools:/home/akira/Android/Sdk/tools:/home/akira/Android/Sdk/platform-tools
10 verbose lifecycle server@1.0.0~test: CWD: /home/akira/Documents/Projects/VotingApp/server
11 silly lifecycle server@1.0.0~test: Args: [ '-c',
11 silly lifecycle   'mocha --compilers js:babel-core/register --require ./test/immutable_specs.js  --recursive' ]
12 silly lifecycle server@1.0.0~test: Returned: code: 1  signal: null
13 info lifecycle server@1.0.0~test: Failed to exec test script
14 verbose stack Error: server@1.0.0 test: `mocha --compilers js:babel-core/register --require ./test/immutable_specs.js  --recursive`
14 verbose stack Exit status 1
14 verbose stack     at EventEmitter.<anonymous> (/home/akira/.nvm/versions/node/v5.5.0/lib/node_modules/npm/lib/utils/lifecycle.js:232:16)
14 verbose stack     at emitTwo (events.js:100:13)
14 verbose stack     at EventEmitter.emit (events.js:185:7)
14 verbose stack     at ChildProcess.<anonymous> (/home/akira/.nvm/versions/node/v5.5.0/lib/node_modules/npm/lib/utils/spawn.js:24:14)
14 verbose stack     at emitTwo (events.js:100:13)
14 verbose stack     at ChildProcess.emit (events.js:185:7)
14 verbose stack     at maybeClose (internal/child_process.js:821:16)
14 verbose stack     at Process.ChildProcess._handle.onexit (internal/child_process.js:211:5)
15 verbose pkgid server@1.0.0
16 verbose cwd /home/akira/Documents/Projects/VotingApp/server
17 error Linux 3.16.0-62-generic
18 error argv "/home/akira/.nvm/versions/node/v5.5.0/bin/node" "/home/akira/.nvm/versions/node/v5.5.0/bin/npm" "run" "test"
19 error node v5.5.0
20 error npm  v3.3.12
21 error code ELIFECYCLE
22 error server@1.0.0 test: `mocha --compilers js:babel-core/register --require ./test/immutable_specs.js  --recursive`
22 error Exit status 1
23 error Failed at the server@1.0.0 test script 'mocha --compilers js:babel-core/register --require ./test/immutable_specs.js  --recursive'.
23 error Make sure you have the latest version of node.js and npm installed.
23 error If you do, this is most likely a problem with the server package,
23 error not with npm itself.
23 error Tell the author that this fails on your system:
23 error     mocha --compilers js:babel-core/register --require ./test/immutable_specs.js  --recursive
23 error You can get their info via:
23 error     npm owner ls server
23 error There is likely additional logging output above.
24 verbose exit [ 1, true ]
